<?xml version="1.0" encoding="UTF-8"?>
<!-- Generated by org.testng.reporters.JUnitXMLReporter -->
<testsuite ignored="0" hostname="Alis-MacBook-Pro.local" failures="1" tests="1" name="Navigating to Registrationg Page" time="5.893" errors="0" timestamp="03 Mar 2019 07:02:05 GMT">
  <testcase classname="testcases.SignUpPage_Register_Test" name="NavigatetoRegistrationPage" time="0.002">
    <failure type="java.lang.NullPointerException">
      <![CDATA[java.lang.NullPointerException
at testcases.SignUpPage_Register_Test.NavigatetoRegistrationPage(SignUpPage_Register_Test.java:20)
... Removed 25 stack frames]]>
    </failure>
  </testcase> <!-- NavigatetoRegistrationPage -->
</testsuite> <!-- Navigating to Registrationg Page -->
