<?xml version="1.0" encoding="UTF-8"?>
<!-- Generated by org.testng.reporters.JUnitXMLReporter -->
<testsuite ignored="0" hostname="Alis-MacBook-Pro.local" failures="1" tests="1" name="Opening Facebook Landing Page" time="4.702" errors="0" timestamp="01 Apr 2019 22:19:09 GMT">
  <testcase classname="testcases.FB_LandingPage_Test" name="Login" time="2.298">
    <failure type="java.lang.AssertionError" message="expected [Share what&amp;apos;s new] but found [meow moew meow]">
      <![CDATA[java.lang.AssertionError: expected [Share what's new] but found [meow moew meow]
at testcases.FB_LandingPage_Test.Login(FB_LandingPage_Test.java:35)
... Removed 31 stack frames]]>
    </failure>
  </testcase> <!-- Login -->
</testsuite> <!-- Opening Facebook Landing Page -->
