<?xml version="1.0" encoding="UTF-8"?>
<!-- Generated by org.testng.reporters.JUnitXMLReporter -->
<testsuite ignored="0" hostname="Alis-MacBook-Pro.local" failures="2" tests="2" name="Signing in using invalid and invalid email" time="6.481" errors="0" timestamp="30 Mar 2019 22:55:04 GMT">
  <testcase classname="testcases.SignUpPage_Login_Test" name="LoginToAccount" time="1.689">
    <failure type="java.lang.NullPointerException" message="null value in entry: url=null">
      <![CDATA[java.lang.NullPointerException: null value in entry: url=null
at com.google.common.collect.CollectPreconditions.checkEntryNotNull(CollectPreconditions.java:32)
at com.google.common.collect.SingletonImmutableBiMap.<init>(SingletonImmutableBiMap.java:42)
at com.google.common.collect.ImmutableBiMap.of(ImmutableBiMap.java:72)
at com.google.common.collect.ImmutableMap.of(ImmutableMap.java:124)
at org.openqa.selenium.remote.RemoteWebDriver.get(RemoteWebDriver.java:277)
at pageobjects.SignUpPage_Login_PF.<init>(SignUpPage_Login_PF.java:20)
at testcases.SignUpPage_Login_Test.LoginToAccount(SignUpPage_Login_Test.java:14)
... Removed 25 stack frames]]>
    </failure>
  </testcase> <!-- LoginToAccount -->
  <testcase classname="testcases.SignUpPage_Login_Test" name="LoginToAccount" time="1.316">
    <failure type="java.lang.NullPointerException" message="null value in entry: url=null">
      <![CDATA[java.lang.NullPointerException: null value in entry: url=null
at com.google.common.collect.CollectPreconditions.checkEntryNotNull(CollectPreconditions.java:32)
at com.google.common.collect.SingletonImmutableBiMap.<init>(SingletonImmutableBiMap.java:42)
at com.google.common.collect.ImmutableBiMap.of(ImmutableBiMap.java:72)
at com.google.common.collect.ImmutableMap.of(ImmutableMap.java:124)
at org.openqa.selenium.remote.RemoteWebDriver.get(RemoteWebDriver.java:277)
at pageobjects.SignUpPage_Login_PF.<init>(SignUpPage_Login_PF.java:20)
at testcases.SignUpPage_Login_Test.LoginToAccount(SignUpPage_Login_Test.java:14)
... Removed 25 stack frames]]>
    </failure>
  </testcase> <!-- LoginToAccount -->
</testsuite> <!-- Signing in using invalid and invalid email -->
