<?xml version="1.0" encoding="UTF-8"?>
<!-- Generated by org.testng.reporters.JUnitXMLReporter -->
<testsuite ignored="0" hostname="Alis-MacBook-Pro.local" failures="2" tests="2" name="Signing in using invalid and invalid email" time="6.747" errors="0" timestamp="03 Mar 2019 07:01:59 GMT">
  <testcase classname="testcases.SignUpPage_Login_Test" name="LoginToAccount" time="0.001">
    <failure type="java.lang.NullPointerException">
      <![CDATA[java.lang.NullPointerException
at testcases.SignUpPage_Login_Test.LoginToAccount(SignUpPage_Login_Test.java:24)
... Removed 25 stack frames]]>
    </failure>
  </testcase> <!-- LoginToAccount -->
  <testcase classname="testcases.SignUpPage_Login_Test" name="LoginToAccount" time="0.001">
    <failure type="java.lang.NullPointerException">
      <![CDATA[java.lang.NullPointerException
at testcases.SignUpPage_Login_Test.LoginToAccount(SignUpPage_Login_Test.java:24)
... Removed 25 stack frames]]>
    </failure>
  </testcase> <!-- LoginToAccount -->
</testsuite> <!-- Signing in using invalid and invalid email -->
