<?xml version="1.0" encoding="UTF-8"?>
<!-- Generated by org.testng.reporters.JUnitXMLReporter -->
<testsuite ignored="0" hostname="Alis-MacBook-Pro.local" failures="0" tests="2" name="SuperLeague: Signing in using invalid and invalid email" time="16.028" errors="0" timestamp="03 Apr 2019 04:05:34 GMT">
  <testcase classname="testcases.SignUpPage_Login_Test" name="LoginToAccount" time="6.386"/>
  <testcase classname="testcases.SignUpPage_Login_Test" name="LoginToAccount" time="8.298"/>
</testsuite> <!-- SuperLeague: Signing in using invalid and invalid email -->
