<?xml version="1.0" encoding="UTF-8"?>
<!-- Generated by org.testng.reporters.JUnitXMLReporter -->
<testsuite ignored="0" hostname="Alis-MacBook-Pro.local" failures="0" tests="5" name="Test" time="52.325" errors="0" timestamp="28 Feb 2019 06:49:18 GMT">
  <testcase classname="Automation.E2EProject.HomePage_Landing_Test" name="NavigateHomePage" time="3.201"/>
  <testcase classname="Automation.E2EProject.HomePage_Login_Test" name="NavigateHomePage" time="3.073"/>
  <testcase classname="Automation.E2EProject.SignUpPage_Login_Test" name="NavigateHomePage" time="7.562"/>
  <testcase classname="Automation.E2EProject.SignUpPage_Login_Test" name="NavigateHomePage" time="11.575"/>
  <testcase classname="Automation.E2EProject.SignUpPage_Register_Test" name="NavigateHomePage" time="4.444"/>
</testsuite> <!-- Test -->
