<?xml version="1.0" encoding="UTF-8"?>
<!-- Generated by org.testng.reporters.JUnitXMLReporter -->
<testsuite hostname="Alis-MacBook-Pro.local" failures="1" tests="1" name="Opening Facebook Landing Page" time="7.824" errors="0" timestamp="1 Apr 2019 22:45:09 GMT">
  <testcase classname="testcases.FB_LandingPage_Test" name="Login" time="4.121">
    <failure type="java.lang.AssertionError" message="expected [Share what&amp;apos;s new] but found [Some Random Text]">
      <![CDATA[java.lang.AssertionError: expected [Share what's new] but found [Some Random Text]
	at testcases.FB_LandingPage_Test.Login(FB_LandingPage_Test.java:35)
	at org.apache.maven.surefire.testng.TestNGExecutor.run(TestNGExecutor.java:283)
	at org.apache.maven.surefire.testng.TestNGXmlTestSuite.execute(TestNGXmlTestSuite.java:75)
	at org.apache.maven.surefire.testng.TestNGProvider.invoke(TestNGProvider.java:120)
	at org.apache.maven.surefire.booter.ForkedBooter.invokeProviderInSameClassLoader(ForkedBooter.java:384)
	at org.apache.maven.surefire.booter.ForkedBooter.runSuitesInProcess(ForkedBooter.java:345)
	at org.apache.maven.surefire.booter.ForkedBooter.execute(ForkedBooter.java:126)
	at org.apache.maven.surefire.booter.ForkedBooter.main(ForkedBooter.java:418)
... Removed 26 stack frames]]>
    </failure>
  </testcase> <!-- Login -->
</testsuite> <!-- Opening Facebook Landing Page -->
