<?xml version="1.0" encoding="UTF-8"?>
<!-- Generated by org.testng.reporters.JUnitXMLReporter -->
<testsuite hostname="Alis-MacBook-Pro.local" failures="0" tests="3" name="Opening Facebook Landing Page" time="25.658" errors="0" timestamp="3 Apr 2019 05:32:53 GMT">
  <testcase classname="testcases.FB_LandingPage_Test" name="Login" time="9.398"/>
  <testcase classname="testcases.FB_LandingPage_Test" name="Login" time="6.628"/>
  <testcase classname="testcases.FB_LandingPage_Test" name="Login" time="7.67"/>
</testsuite> <!-- Opening Facebook Landing Page -->
