<?xml version="1.0" encoding="UTF-8"?>
<!-- Generated by org.testng.reporters.JUnitXMLReporter -->
<testsuite hostname="Alis-MacBook-Pro.local" failures="0" tests="2" name="Signing in using invalid and invalid email" time="24.186" errors="0" timestamp="3 Mar 2019 07:09:51 GMT">
  <testcase classname="testcases.SignUpPage_Login_Test" name="LoginToAccount" time="6.829"/>
  <testcase classname="testcases.SignUpPage_Login_Test" name="LoginToAccount" time="12.421"/>
</testsuite> <!-- Signing in using invalid and invalid email -->
