<?xml version="1.0" encoding="UTF-8"?>
<!-- Generated by org.testng.reporters.JUnitXMLReporter -->
<testsuite hostname="Alis-MacBook-Pro.local" failures="0" tests="2" name="SuperLeague: Signing in using invalid and invalid email" time="16.127" errors="0" timestamp="3 Apr 2019 19:45:27 GMT">
  <testcase classname="testcases.SignUpPage_Login_Test" name="LoginToAccount" time="6.15"/>
  <testcase classname="testcases.SignUpPage_Login_Test" name="LoginToAccount" time="8.657"/>
</testsuite> <!-- SuperLeague: Signing in using invalid and invalid email -->
