<?xml version="1.0" encoding="UTF-8"?>
<!-- Generated by org.testng.reporters.JUnitXMLReporter -->
<testsuite hostname="Alis-MacBook-Pro.local" failures="0" tests="2" name="SuperLeague: Signing in using invalid and invalid email" time="22.081" errors="0" timestamp="1 Apr 2019 22:45:31 GMT">
  <testcase classname="testcases.SignUpPage_Login_Test" name="LoginToAccount" time="10.201"/>
  <testcase classname="testcases.SignUpPage_Login_Test" name="LoginToAccount" time="10.174"/>
</testsuite> <!-- SuperLeague: Signing in using invalid and invalid email -->
