<?xml version="1.0" encoding="UTF-8"?>
<!-- Generated by org.testng.reporters.JUnitXMLReporter -->
<testsuite hostname="Alis-MacBook-Pro.local" failures="0" tests="5" name="Test" time="51.792" errors="0" timestamp="1 Mar 2019 07:48:22 GMT">
  <testcase classname="Automation.E2EProject.HomePage_Landing_Test" name="NavigateHomePage" time="3.511"/>
  <testcase classname="Automation.E2EProject.HomePage_Login_Test" name="NavigateHomePage" time="2.708"/>
  <testcase classname="Automation.E2EProject.SignUpPage_Login_Test" name="NavigateHomePage" time="7.009"/>
  <testcase classname="Automation.E2EProject.SignUpPage_Login_Test" name="NavigateHomePage" time="12.334"/>
  <testcase classname="Automation.E2EProject.SignUpPage_Register_Test" name="NavigateHomePage" time="3.888"/>
</testsuite> <!-- Test -->
