<?xml version="1.0" encoding="UTF-8"?>
<testsuite xmlns:xsi="http://www.w3.org/2001/XMLSchema-instance" xsi:noNamespaceSchemaLocation="https://maven.apache.org/surefire/maven-surefire-plugin/xsd/surefire-test-report-3.0.xsd" version="3.0" name="TestSuite" time="47.331" tests="6" errors="0" skipped="0" failures="1">
  <properties>
[...]
</properties>
  <testcase name="TripPlan" classname="testcases.Trvlc_LandingPage_Test" time="10.343"/>
  <testcase name="Login" classname="testcases.FB_LandingPage_Test" time="5.285"/>
  <testcase name="Login" classname="testcases.FB_LandingPage_Test" time="1.554">
    <failure message="Test2 expected [This test will fail] but found [Share what&apos;s new]" type="java.lang.AssertionError">java.lang.AssertionError: Test2 expected [This test will fail] but found [Share what's new]
	at testcases.FB_LandingPage_Test.Login(FB_LandingPage_Test.java:36)
</failure>
    <system-out><![CDATA[2019-04-04 18:28:58 [main] INFO  Setup:17 - Opening Page: Log into Facebook | Facebook
2019-04-04 18:28:58 [main] INFO  Setup:25 - Logo Button clicked
2019-04-04 18:28:59 [main] INFO  Setup:29 - usernamed  inputted: username2@email.com
2019-04-04 18:28:59 [main] INFO  Setup:33 - password inputted: password123
]]></system-out>
  </testcase>
  <testcase name="Login" classname="testcases.FB_LandingPage_Test" time="3.387"/>
  <testcase name="LoginToAccount" classname="testcases.SignUpPage_Login_Test" time="6.317"/>
  <testcase name="LoginToAccount" classname="testcases.SignUpPage_Login_Test" time="10.224"/>
</testsuite>