-------------------------------------------------------------------------------
Test set: TestSuite
-------------------------------------------------------------------------------
Tests run: 5, Failures: 1, Errors: 0, Skipped: 0, Time elapsed: 31.873 s <<< FAILURE! - in TestSuite
Login(testcases.FB_LandingPage_Test)  Time elapsed: 1.498 s  <<< FAILURE!
java.lang.AssertionError: Test2 expected [This test will fail] but found [Share what's new]
	at testcases.FB_LandingPage_Test.Login(FB_LandingPage_Test.java:36)

