-------------------------------------------------------------------------------
Test set: TestSuite
-------------------------------------------------------------------------------
Tests run: 3, Failures: 1, Errors: 0, Skipped: 0, Time elapsed: 23.581 s <<< FAILURE! - in TestSuite
Login(testcases.FB_LandingPage_Test)  Time elapsed: 2.229 s  <<< FAILURE!
java.lang.AssertionError: expected [Share what's new] but found [Some Random Text]
	at testcases.FB_LandingPage_Test.Login(FB_LandingPage_Test.java:35)

