-------------------------------------------------------------------------------
Test set: TestSuite
-------------------------------------------------------------------------------
Tests run: 6, Failures: 1, Errors: 0, Skipped: 0, Time elapsed: 47.331 s <<< FAILURE! - in TestSuite
Login(testcases.FB_LandingPage_Test)  Time elapsed: 1.554 s  <<< FAILURE!
java.lang.AssertionError: Test2 expected [This test will fail] but found [Share what's new]
	at testcases.FB_LandingPage_Test.Login(FB_LandingPage_Test.java:36)

