-------------------------------------------------------------------------------
Test set: TestSuite
-------------------------------------------------------------------------------
Tests run: 5, Failures: 1, Errors: 0, Skipped: 0, Time elapsed: 54.555 s <<< FAILURE! - in TestSuite
NavigateToHomePage(testcases.HomePage_Landing_Test)  Time elapsed: 4.107 s  <<< FAILURE!
java.lang.AssertionError: expected [PLAY. WATCH. BELONG.] but found [JUMP. RUN. HIDE.]
	at testcases.HomePage_Landing_Test.NavigateToHomePage(HomePage_Landing_Test.java:26)

