<?xml version="1.0" encoding="UTF-8"?>
<testng-results total="5" passed="5" failed="0" skipped="0">
  <reporter-output>
  </reporter-output>
  <suite started-at="2019-04-03T05:32:27Z" name="Suite" finished-at="2019-04-03T05:33:08Z" duration-ms="40943">
    <groups>
    </groups>
    <test started-at="2019-04-03T05:32:27Z" name="Opening Facebook Landing Page" finished-at="2019-04-03T05:32:53Z" duration-ms="25658">
      <class name="testcases.FB_LandingPage_Test">
        <test-method signature="Login(java.lang.String, java.lang.String, java.lang.String)[pri:0, instance:testcases.FB_LandingPage_Test@5ef6ae06]" started-at="2019-04-02T22:32:29Z" name="Login" data-provider="getData" finished-at="2019-04-02T22:32:39Z" duration-ms="9398" status="PASS">
          <params>
            <param index="0">
              <value>
                <![CDATA[https://www.facebook.com/]]>
              </value>
            </param>
            <param index="1">
              <value is-null="true"/>
            </param>
            <param index="2">
              <value is-null="true"/>
            </param>
          </params>
          <reporter-output>
          </reporter-output>
        </test-method> <!-- Login -->
        <test-method signature="Login(java.lang.String, java.lang.String, java.lang.String)[pri:0, instance:testcases.FB_LandingPage_Test@5ef6ae06]" started-at="2019-04-02T22:32:39Z" name="Login" data-provider="getData" finished-at="2019-04-02T22:32:45Z" duration-ms="6628" status="PASS">
          <params>
            <param index="0">
              <value>
                <![CDATA[https://www.facebook.com/]]>
              </value>
            </param>
            <param index="1">
              <value is-null="true"/>
            </param>
            <param index="2">
              <value is-null="true"/>
            </param>
          </params>
          <reporter-output>
          </reporter-output>
        </test-method> <!-- Login -->
        <test-method signature="Login(java.lang.String, java.lang.String, java.lang.String)[pri:0, instance:testcases.FB_LandingPage_Test@5ef6ae06]" started-at="2019-04-02T22:32:45Z" name="Login" data-provider="getData" finished-at="2019-04-02T22:32:53Z" duration-ms="7670" status="PASS">
          <params>
            <param index="0">
              <value>
                <![CDATA[https://www.facebook.com/]]>
              </value>
            </param>
            <param index="1">
              <value is-null="true"/>
            </param>
            <param index="2">
              <value is-null="true"/>
            </param>
          </params>
          <reporter-output>
          </reporter-output>
        </test-method> <!-- Login -->
      </class> <!-- testcases.FB_LandingPage_Test -->
    </test> <!-- Opening Facebook Landing Page -->
    <test started-at="2019-04-03T05:32:53Z" name="SuperLeague: Signing in using invalid and invalid email" finished-at="2019-04-03T05:33:08Z" duration-ms="15156">
      <class name="testcases.SignUpPage_Login_Test">
        <test-method signature="LoginToAccount(java.lang.String, java.lang.String, java.lang.String)[pri:0, instance:testcases.SignUpPage_Login_Test@10ded6a9]" started-at="2019-04-02T22:32:54Z" name="LoginToAccount" data-provider="getData" finished-at="2019-04-02T22:33:00Z" duration-ms="5426" status="PASS">
          <params>
            <param index="0">
              <value>
                <![CDATA[https://www.superleague.com/login/]]>
              </value>
            </param>
            <param index="1">
              <value>
                <![CDATA[failedtest@gmail.com]]>
              </value>
            </param>
            <param index="2">
              <value>
                <![CDATA[12345678]]>
              </value>
            </param>
          </params>
          <reporter-output>
          </reporter-output>
        </test-method> <!-- LoginToAccount -->
        <test-method signature="LoginToAccount(java.lang.String, java.lang.String, java.lang.String)[pri:0, instance:testcases.SignUpPage_Login_Test@10ded6a9]" started-at="2019-04-02T22:33:00Z" name="LoginToAccount" data-provider="getData" finished-at="2019-04-02T22:33:08Z" duration-ms="8458" status="PASS">
          <params>
            <param index="0">
              <value>
                <![CDATA[https://www.superleague.com/login/]]>
              </value>
            </param>
            <param index="1">
              <value>
                <![CDATA[buffboyali@gmail.com]]>
              </value>
            </param>
            <param index="2">
              <value>
                <![CDATA[messenger]]>
              </value>
            </param>
          </params>
          <reporter-output>
          </reporter-output>
        </test-method> <!-- LoginToAccount -->
      </class> <!-- testcases.SignUpPage_Login_Test -->
    </test> <!-- SuperLeague: Signing in using invalid and invalid email -->
  </suite> <!-- Suite -->
</testng-results>
